<?xml version="1.0" encoding="UTF-8" standalone="no"?>
<testsuite failures="0" name="cucumber.runtime.formatter.JUnitFormatter" skipped="0" tests="1" time="39.826803">
<testcase classname="FREE CRM Login Feature" name="FREE CRM Login Test Scenario" time="39.826803">
<system-out><![CDATA[Given title of login Page is FREE CRM.......................................passed
When title of login Page is FREE CRM........................................passed
Then user enters valid username and password................................passed
And user clicks on Login Button.............................................passed
Then homepage is displayed..................................................passed
And validate logged in username.............................................passed
Then logout from the application............................................passed
]]></system-out>
</testcase>
</testsuite>
