<?xml version="1.0" encoding="UTF-8"?>
<testng-results skipped="0" failed="0" ignored="0" total="1" passed="1">
  <reporter-output>
    <line>
      <![CDATA[<div "featureFile">Feature File: C:&#x2F;Users&#x2F;priyanshua&#x2F;Desktop&#x2F;Data&#x2F;com.qa.CucumberwithTestNG&#x2F;src&#x2F;main&#x2F;java&#x2F;Features&#x2F;login.feature</div>]]>
    </line>
    <line>
      <![CDATA[<div "result">title of login Page is FREE CRM (PASSED : 5s)</div>]]>
    </line>
    <line>
      <![CDATA[<div "result">title of login Page is FREE CRM (PASSED : 0s)</div>]]>
    </line>
    <line>
      <![CDATA[<div "result">user enters valid username and password (PASSED : 0s)</div>]]>
    </line>
    <line>
      <![CDATA[<div "result">user clicks on Login Button (PASSED : 12s)</div>]]>
    </line>
    <line>
      <![CDATA[<div "result">homepage is displayed (PASSED : 0s)</div>]]>
    </line>
    <line>
      <![CDATA[<div "result">validate logged in username (PASSED : 0s)</div>]]>
    </line>
    <line>
      <![CDATA[<div "result">logout from the application (PASSED : 2s)</div>]]>
    </line>
  </reporter-output>
  <suite name="Default suite" duration-ms="40471" started-at="2020-01-07T13:58:19Z" finished-at="2020-01-07T13:58:59Z">
    <groups>
      <group name="cucumber">
        <method signature="TestRunner.feature(cucumber.api.testng.CucumberFeatureWrapper)[pri:0, instance:MyRunner.TestRunner@3fee9989]" name="feature" class="MyRunner.TestRunner"/>
      </group> <!-- cucumber -->
    </groups>
    <test name="Default test" duration-ms="40471" started-at="2020-01-07T13:58:19Z" finished-at="2020-01-07T13:58:59Z">
      <class name="MyRunner.TestRunner">
        <test-method status="PASS" signature="setUpClass()[pri:0, instance:MyRunner.TestRunner@3fee9989]" name="setUpClass" is-config="true" duration-ms="365" started-at="2020-01-07T13:58:19Z" finished-at="2020-01-07T13:58:19Z">
          <reporter-output>
          </reporter-output>
        </test-method> <!-- setUpClass -->
        <test-method status="PASS" signature="feature(cucumber.api.testng.CucumberFeatureWrapper)[pri:0, instance:MyRunner.TestRunner@3fee9989]" name="feature" duration-ms="39854" started-at="2020-01-07T13:58:19Z" description="Runs Cucumber Feature" data-provider="features" finished-at="2020-01-07T13:58:59Z">
          <params>
            <param index="0">
              <value>
                <![CDATA["FREE CRM Login Feature"]]>
              </value>
            </param>
          </params>
          <reporter-output>
            <line>
              <![CDATA[<div "featureFile">Feature File: C:&#x2F;Users&#x2F;priyanshua&#x2F;Desktop&#x2F;Data&#x2F;com.qa.CucumberwithTestNG&#x2F;src&#x2F;main&#x2F;java&#x2F;Features&#x2F;login.feature</div>]]>
            </line>
            <line>
              <![CDATA[<div "result">title of login Page is FREE CRM (PASSED : 5s)</div>]]>
            </line>
            <line>
              <![CDATA[<div "result">title of login Page is FREE CRM (PASSED : 0s)</div>]]>
            </line>
            <line>
              <![CDATA[<div "result">user enters valid username and password (PASSED : 0s)</div>]]>
            </line>
            <line>
              <![CDATA[<div "result">user clicks on Login Button (PASSED : 12s)</div>]]>
            </line>
            <line>
              <![CDATA[<div "result">homepage is displayed (PASSED : 0s)</div>]]>
            </line>
            <line>
              <![CDATA[<div "result">validate logged in username (PASSED : 0s)</div>]]>
            </line>
            <line>
              <![CDATA[<div "result">logout from the application (PASSED : 2s)</div>]]>
            </line>
          </reporter-output>
        </test-method> <!-- feature -->
        <test-method status="PASS" signature="tearDownClass()[pri:0, instance:MyRunner.TestRunner@3fee9989]" name="tearDownClass" is-config="true" duration-ms="146" started-at="2020-01-07T13:58:59Z" finished-at="2020-01-07T13:58:59Z">
          <reporter-output>
          </reporter-output>
        </test-method> <!-- tearDownClass -->
      </class> <!-- MyRunner.TestRunner -->
    </test> <!-- Default test -->
  </suite> <!-- Default suite -->
</testng-results>
